1: InitD3D (D3D12): Tearing is supported.
2: InitD3D (D3D12): D3D12 Device created.
3: InitD3D (D3D12): Command Queue created.
4: InitD3D (D3D12): Swap Chain created.
5: InitD3D (D3D12): RTV Descriptor Heap created.
6: InitD3D (D3D12): Render Target Views created.
7: InitD3D (D3D12): Command Allocator created.
8: InitD3D (D3D12): Command List created.
9: InitD3D (D3D12): Fence and Event created.
10: InitD3D (D3D12): Root Signature created.
11: InitD3D (D3D12): PSO created.
12: InitD3D (D3D12): SRV Descriptor Heap created.
13: FrameDecoder initialized successfully.
14: ListenForResendRequests thread started.
15: ReceiveRawPacketsThread [0] started.
16: ReceiveRawPacketsThread [1] started.
17: ReceiveRawPacketsThread [2] started.
18: FecWorkerThread [0] started.
19: FecWorkerThread [1] started.
20: Waiting for RESEND signal...
21: FecWorkerThread [2] started.
22: NvdecThread [0] started.
23: NvdecThread [1] started.
24: ReceiveRawPacketsThread [0]: ENet server started, listening on port 8130
25: ReceiveRawPacketsThread [1]: ENet server started, listening on port 8131
26: ReceiveRawPacketsThread [2]: ENet server started, listening on port 8132
27: RenderFrame Execution Time: 5 ms.
28: RenderFrame Execution Time: 1 ms.
29: RenderFrame Execution Time: 0 ms.
30: RenderFrame Execution Time: 0 ms.
31: RenderFrame Execution Time: 0 ms.
32: RenderFrame Execution Time: 0 ms.
33: RenderFrame Execution Time: 1 ms.
34: RenderFrame Execution Time: 0 ms.
35: RenderFrame Execution Time: 0 ms.
36: RenderFrame Execution Time: 0 ms.
37: RenderFrame Execution Time: 0 ms.
38: RenderFrame Execution Time: 0 ms.
39: RenderFrame Execution Time: 0 ms.
40: RenderFrame Execution Time: 0 ms.
41: RenderFrame Execution Time: 0 ms.
42: RenderFrame Execution Time: 0 ms.
43: RenderFrame Execution Time: 0 ms.
44: RenderFrame Execution Time: 0 ms.
45: RenderFrame Execution Time: 0 ms.
46: RenderFrame Execution Time: 0 ms.
47: RenderFrame Execution Time: 0 ms.
48: RenderFrame Execution Time: 0 ms.
49: RenderFrame Execution Time: 0 ms.
50: RenderFrame Execution Time: 0 ms.
51: RenderFrame Execution Time: 0 ms.
52: RenderFrame Execution Time: 0 ms.
53: RenderFrame Execution Time: 0 ms.
54: RenderFrame Execution Time: 0 ms.
55: RenderFrame Execution Time: 0 ms.
56: RenderFrame Execution Time: 0 ms.
57: RenderFrame Execution Time: 0 ms.
58: RenderFrame Execution Time: 0 ms.
59: RenderFrame Execution Time: 0 ms.
60: RenderFrame Execution Time: 0 ms.
61: RenderFrame Execution Time: 0 ms.
62: RenderFrame Execution Time: 0 ms.
63: RenderFrame Execution Time: 0 ms.
64: RenderFrame Execution Time: 0 ms.
65: RenderFrame Execution Time: 0 ms.
66: RenderFrame Execution Time: 0 ms.
67: RenderFrame Execution Time: 0 ms.
68: RenderFrame Execution Time: 0 ms.
69: RenderFrame Execution Time: 0 ms.
70: RenderFrame Execution Time: 0 ms.
71: RenderFrame Execution Time: 0 ms.
72: RenderFrame Execution Time: 0 ms.
73: RenderFrame Execution Time: 0 ms.
74: RenderFrame Execution Time: 0 ms.
75: ReceiveRawPacketsThread [0]: Client connected from 16777343:58085
76: ReceiveRawPacketsThread [2]: Client connected from 16777343:58086
77: ReceiveRawPacketsThread [1]: Client connected from 16777343:58087
78: RenderFrame Execution Time: 0 ms.
79: RenderFrame Execution Time: 0 ms.
80: RenderFrame Execution Time: 0 ms.
81: RenderFrame Execution Time: 0 ms.
82: RenderFrame Execution Time: 0 ms.
83: RenderFrame Execution Time: 1 ms.
84: RenderFrame Execution Time: 0 ms.
85: RenderFrame Execution Time: 0 ms.
86: FecWorkerThread: Queue Size 0
87: FecWorkerThread: Queue Size 0
88: FecWorkerThread: Queue Size 0
89: FecWorkerThread: Queue Duration Time 0 ms
90: FecWorkerThread: Queue Duration Time 0 ms
91: FecWorkerThread: Queue Duration Time 0 ms
92: FecWorkerThread [1]: F#0 has 1 shards, (less than K=8) waiting for more.
93: FecWorkerThread [0]: F#0 has 2 shards, (less than K=8) waiting for more.
94: FecWorkerThread [2]: F#0 has 3 shards, (less than K=8) waiting for more.
95: FecWorkerThread [1]: F#0 has 4 shards, (less than K=8) waiting for more.
96: FecWorkerThread [0]: F#0 has 5 shards, (less than K=8) waiting for more.
97: FecWorkerThread [0]: F#0 has 6 shards, (less than K=8) waiting for more.
98: FecWorkerThread [1]: F#0 has 7 shards, (less than K=8) waiting for more.
99: FecWorkerThread [1]: F#0 has 1 shards, (less than K=8) waiting for more.
100: FecWorkerThread [0]: F#0 has 2 shards, (less than K=8) waiting for more.
101: RenderFrame Execution Time: 1 ms.
102: FecWorkerThread [2]: F#1 has 1 shards, (less than K=8) waiting for more.
103: FecWorkerThread [1]: F#1 has 2 shards, (less than K=8) waiting for more.
104: FecWorkerThread [0]: F#1 has 3 shards, (less than K=8) waiting for more.
105: FecWorkerThread [2]: F#1 has 4 shards, (less than K=8) waiting for more.
106: FecWorkerThread [1]: F#1 has 5 shards, (less than K=8) waiting for more.
107: FecWorkerThread [0]: F#1 has 6 shards, (less than K=8) waiting for more.
108: FecWorkerThread [2]: F#1 has 7 shards, (less than K=8) waiting for more.
109: FecWorkerThread [0]: F#1 has 1 shards, (less than K=8) waiting for more.
110: FecWorkerThread [2]: F#1 has 2 shards, (less than K=8) waiting for more.
111: HandleVideoSequence: Codec: 4, Resolution: 1920x1088
112: FecWorkerThread [1]: F#2 has 1 shards, (less than K=8) waiting for more.
113: FecWorkerThread [0]: F#2 has 2 shards, (less than K=8) waiting for more.
114: FecWorkerThread [2]: F#2 has 3 shards, (less than K=8) waiting for more.
115: FecWorkerThread [2]: F#2 has 4 shards, (less than K=8) waiting for more.
116: FecWorkerThread [0]: F#2 has 5 shards, (less than K=8) waiting for more.
117: FecWorkerThread [1]: F#2 has 6 shards, (less than K=8) waiting for more.
118: RenderFrame Execution Time: 1 ms.
119: FecWorkerThread [2]: F#2 has 7 shards, (less than K=8) waiting for more.
120: FecWorkerThread [1]: F#2 has 1 shards, (less than K=8) waiting for more.
121: FecWorkerThread [2]: F#2 has 2 shards, (less than K=8) waiting for more.
122: FecWorkerThread [0]: F#3 has 1 shards, (less than K=8) waiting for more.
123: FecWorkerThread [1]: F#3 has 2 shards, (less than K=8) waiting for more.
124: FecWorkerThread [1]: F#3 has 3 shards, (less than K=8) waiting for more.
125: FecWorkerThread [0]: F#3 has 4 shards, (less than K=8) waiting for more.
126: FecWorkerThread [2]: F#3 has 5 shards, (less than K=8) waiting for more.
127: FecWorkerThread [1]: F#3 has 6 shards, (less than K=8) waiting for more.
128: FecWorkerThread [0]: F#3 has 7 shards, (less than K=8) waiting for more.
129: FecWorkerThread [1]: F#3 has 1 shards, (less than K=8) waiting for more.
130: FecWorkerThread [0]: F#3 has 2 shards, (less than K=8) waiting for more.
131: FecWorkerThread [2]: F#4 has 1 shards, (less than K=8) waiting for more.
132: FecWorkerThread [1]: F#4 has 2 shards, (less than K=8) waiting for more.
133: FecWorkerThread [1]: F#4 has 3 shards, (less than K=8) waiting for more.
134: FecWorkerThread [1]: F#4 has 4 shards, (less than K=8) waiting for more.
135: FecWorkerThread [0]: F#4 has 5 shards, (less than K=8) waiting for more.
136: FecWorkerThread [2]: F#4 has 6 shards, (less than K=8) waiting for more.
137: FecWorkerThread [1]: F#4 has 7 shards, (less than K=8) waiting for more.
138: RenderFrame Execution Time: 1 ms.
139: FecWorkerThread [0]: F#4 has 1 shards, (less than K=8) waiting for more.
140: FecWorkerThread [2]: F#4 has 2 shards, (less than K=8) waiting for more.
141: FecWorkerThread [1]: F#5 has 1 shards, (less than K=8) waiting for more.
142: FecWorkerThread [0]: F#5 has 2 shards, (less than K=8) waiting for more.
143: FecWorkerThread [2]: F#5 has 3 shards, (less than K=8) waiting for more.
144: FecWorkerThread [1]: F#5 has 4 shards, (less than K=8) waiting for more.
145: FecWorkerThread [0]: F#5 has 5 shards, (less than K=8) waiting for more.
146: FecWorkerThread [2]: F#5 has 6 shards, (less than K=8) waiting for more.
147: FecWorkerThread [1]: F#5 has 7 shards, (less than K=8) waiting for more.
148: FecWorkerThread [2]: F#5 has 1 shards, (less than K=8) waiting for more.
149: FecWorkerThread [0]: F#5 has 2 shards, (less than K=8) waiting for more.
150: FecWorkerThread [1]: F#6 has 1 shards, (less than K=8) waiting for more.
151: FecWorkerThread [2]: F#6 has 2 shards, (less than K=8) waiting for more.
152: FecWorkerThread [0]: F#6 has 3 shards, (less than K=8) waiting for more.
153: FecWorkerThread [1]: F#6 has 4 shards, (less than K=8) waiting for more.
154: FecWorkerThread [2]: F#6 has 5 shards, (less than K=8) waiting for more.
155: RenderFrame Execution Time: 4 ms.
156: FecWorkerThread [0]: F#6 has 6 shards, (less than K=8) waiting for more.
157: FecWorkerThread [1]: F#6 has 7 shards, (less than K=8) waiting for more.
158: FecWorkerThread [1]: F#6 has 1 shards, (less than K=8) waiting for more.
159: FecWorkerThread [0]: F#6 has 2 shards, (less than K=8) waiting for more.
160: FecWorkerThread [2]: F#7 has 1 shards, (less than K=8) waiting for more.
161: FecWorkerThread [1]: F#7 has 2 shards, (less than K=8) waiting for more.
162: FecWorkerThread [0]: F#7 has 3 shards, (less than K=8) waiting for more.
163: FecWorkerThread [2]: F#7 has 4 shards, (less than K=8) waiting for more.
164: FecWorkerThread [1]: F#7 has 5 shards, (less than K=8) waiting for more.
165: FecWorkerThread [0]: F#7 has 6 shards, (less than K=8) waiting for more.
166: FecWorkerThread [2]: F#7 has 7 shards, (less than K=8) waiting for more.
167: FecWorkerThread [0]: F#7 has 1 shards, (less than K=8) waiting for more.
168: FecWorkerThread [2]: F#7 has 2 shards, (less than K=8) waiting for more.
169: FecWorkerThread [1]: F#8 has 1 shards, (less than K=8) waiting for more.
170: FecWorkerThread [0]: F#8 has 2 shards, (less than K=8) waiting for more.
171: FecWorkerThread [2]: F#8 has 3 shards, (less than K=8) waiting for more.
172: FecWorkerThread [2]: F#8 has 4 shards, (less than K=8) waiting for more.
173: FecWorkerThread [0]: F#8 has 5 shards, (less than K=8) waiting for more.
174: RenderFrame Execution Time: 1 ms.
175: FecWorkerThread [0]: F#8 has 6 shards, (less than K=8) waiting for more.
176: FecWorkerThread [2]: F#8 has 7 shards, (less than K=8) waiting for more.
177: FecWorkerThread [0]: F#8 has 1 shards, (less than K=8) waiting for more.
178: FecWorkerThread [2]: F#8 has 2 shards, (less than K=8) waiting for more.
179: FecWorkerThread [1]: F#9 has 1 shards, (less than K=8) waiting for more.
180: FecWorkerThread [0]: F#9 has 2 shards, (less than K=8) waiting for more.
181: FecWorkerThread [2]: F#9 has 3 shards, (less than K=8) waiting for more.
182: FecWorkerThread [1]: F#9 has 4 shards, (less than K=8) waiting for more.
183: FecWorkerThread [0]: F#9 has 5 shards, (less than K=8) waiting for more.
184: FecWorkerThread [2]: F#9 has 6 shards, (less than K=8) waiting for more.
185: FecWorkerThread [1]: F#9 has 7 shards, (less than K=8) waiting for more.
186: FecWorkerThread [2]: F#9 has 1 shards, (less than K=8) waiting for more.
187: FecWorkerThread [0]: F#9 has 2 shards, (less than K=8) waiting for more.
188: FecWorkerThread [0]: F#10 has 1 shards, (less than K=8) waiting for more.
189: FecWorkerThread [2]: F#10 has 2 shards, (less than K=8) waiting for more.
190: FecWorkerThread [1]: F#10 has 3 shards, (less than K=8) waiting for more.
191: FecWorkerThread [0]: F#10 has 4 shards, (less than K=8) waiting for more.
192: RenderFrame Execution Time: 1 ms.
193: FecWorkerThread [2]: F#10 has 5 shards, (less than K=8) waiting for more.
194: FecWorkerThread [1]: F#10 has 6 shards, (less than K=8) waiting for more.
195: FecWorkerThread [0]: F#10 has 7 shards, (less than K=8) waiting for more.
196: FecWorkerThread [1]: F#10 has 1 shards, (less than K=8) waiting for more.
197: FecWorkerThread [0]: F#10 has 2 shards, (less than K=8) waiting for more.
198: FecWorkerThread [2]: F#11 has 1 shards, (less than K=8) waiting for more.
199: FecWorkerThread [1]: F#11 has 2 shards, (less than K=8) waiting for more.
200: FecWorkerThread [0]: F#11 has 3 shards, (less than K=8) waiting for more.
201: FecWorkerThread [2]: F#11 has 4 shards, (less than K=8) waiting for more.
202: FecWorkerThread [1]: F#11 has 5 shards, (less than K=8) waiting for more.
203: FecWorkerThread [0]: F#11 has 6 shards, (less than K=8) waiting for more.
204: FecWorkerThread [2]: F#11 has 7 shards, (less than K=8) waiting for more.
205: FecWorkerThread [0]: F#11 has 1 shards, (less than K=8) waiting for more.
206: FecWorkerThread [2]: F#11 has 2 shards, (less than K=8) waiting for more.
207: FecWorkerThread [1]: F#12 has 1 shards, (less than K=8) waiting for more.
208: FecWorkerThread [0]: F#12 has 2 shards, (less than K=8) waiting for more.
209: FecWorkerThread [2]: F#12 has 3 shards, (less than K=8) waiting for more.
210: RenderFrame Execution Time: 1 ms.
211: FecWorkerThread [1]: F#12 has 4 shards, (less than K=8) waiting for more.
212: FecWorkerThread [0]: F#12 has 5 shards, (less than K=8) waiting for more.
213: FecWorkerThread [2]: F#12 has 6 shards, (less than K=8) waiting for more.
214: FecWorkerThread [1]: F#12 has 7 shards, (less than K=8) waiting for more.
215: FecWorkerThread [2]: F#12 has 1 shards, (less than K=8) waiting for more.
216: FecWorkerThread [1]: F#12 has 2 shards, (less than K=8) waiting for more.
217: FecWorkerThread [0]: F#13 has 1 shards, (less than K=8) waiting for more.
218: FecWorkerThread [2]: F#13 has 2 shards, (less than K=8) waiting for more.
219: FecWorkerThread [1]: F#13 has 3 shards, (less than K=8) waiting for more.
220: FecWorkerThread [0]: F#13 has 4 shards, (less than K=8) waiting for more.
221: Allocated D3D12/CUDA frame buffers.
222: FecWorkerThread [2]: F#13 has 5 shards, (less than K=8) waiting for more.
223: FecWorkerThread [1]: F#13 has 6 shards, (less than K=8) waiting for more.
224: RenderFrame Execution Time: 36 ms.
225: FecWorkerThread [0]: F#13 has 7 shards, (less than K=8) waiting for more.
226: CUDA Error in callback: invalid argument in C:\Users\Yuki_Ohira\source\repos\remote_client_cuda_nvenc\remote_client\Nvdec.cpp at line 414
